<?xml version="1.0" encoding="UTF-8"?>
<robot generator="Robot 4.1.3 (Python 3.10.2 on win32)" generated="20220301 16:57:06.065" rpa="false" schemaversion="2">
<suite id="s1" name="verify addemployee enabledmode Suite" source="C:\Mine\Company\NCS2\orangehrm_automation\employee_suite\verify_addemployee_enabledmode_Suite.robot">
<test id="s1-t1" name="Verify Add Employee Enabled Mode Test">
<kw name="Launch Browser" library="common_functionality" type="SETUP">
<if>
<branch type="IF" condition="'${BROWSER_NAME}'=='gc'">
<kw name="Open Browser" library="SeleniumLibrary">
<arg>browser=chrome</arg>
<arg>executable_path=${EXECDIR}${/}driver${/}chromedriver.exe</arg>
<doc>Opens a new browser instance to the optional ``url``.</doc>
<status status="NOT RUN" starttime="20220301 16:57:06.355" endtime="20220301 16:57:06.355"/>
</kw>
<status status="NOT RUN" starttime="20220301 16:57:06.355" endtime="20220301 16:57:06.355"/>
</branch>
<branch type="ELSE IF" condition="'${BROWSER_NAME}'=='edge'">
<kw name="Open Browser" library="SeleniumLibrary">
<arg>browser=edge</arg>
<arg>executable_path=${EXECDIR}${/}driver${/}msedgedriver.exe</arg>
<doc>Opens a new browser instance to the optional ``url``.</doc>
<msg timestamp="20220301 16:57:06.356" level="INFO">Opening browser 'edge' to base url 'None'.</msg>
<status status="PASS" starttime="20220301 16:57:06.356" endtime="20220301 16:57:07.626"/>
</kw>
<status status="PASS" starttime="20220301 16:57:06.355" endtime="20220301 16:57:07.626"/>
</branch>
<branch type="ELSE">
<kw name="Open Browser" library="SeleniumLibrary">
<arg>browser=ff</arg>
<arg>executable_path=${EXECDIR}${/}driver${/}geckodriver.exe</arg>
<doc>Opens a new browser instance to the optional ``url``.</doc>
<status status="NOT RUN" starttime="20220301 16:57:07.627" endtime="20220301 16:57:07.627"/>
</kw>
<status status="NOT RUN" starttime="20220301 16:57:07.626" endtime="20220301 16:57:07.627"/>
</branch>
<status status="PASS" starttime="20220301 16:57:06.355" endtime="20220301 16:57:07.627"/>
</if>
<kw name="Maximize Browser Window" library="SeleniumLibrary">
<doc>Maximizes current browser window.</doc>
<status status="PASS" starttime="20220301 16:57:07.628" endtime="20220301 16:57:07.745"/>
</kw>
<kw name="Set Selenium Implicit Wait" library="SeleniumLibrary">
<arg>30s</arg>
<doc>Sets the implicit wait value used by Selenium.</doc>
<status status="PASS" starttime="20220301 16:57:07.745" endtime="20220301 16:57:07.746"/>
</kw>
<kw name="Set Screenshot Directory" library="SeleniumLibrary">
<arg>path=${EXECDIR}${/}screenshots</arg>
<doc>Sets the directory for captured screenshots.</doc>
<status status="PASS" starttime="20220301 16:57:07.746" endtime="20220301 16:57:07.747"/>
</kw>
<kw name="Go To" library="SeleniumLibrary">
<arg>url=${URL}</arg>
<doc>Navigates the current browser window to the provided ``url``.</doc>
<msg timestamp="20220301 16:57:07.747" level="INFO">Opening url 'https://opensource-demo.orangehrmlive.com/'</msg>
<status status="PASS" starttime="20220301 16:57:07.747" endtime="20220301 16:57:13.195"/>
</kw>
<status status="PASS" starttime="20220301 16:57:06.355" endtime="20220301 16:57:13.195"/>
</kw>
<kw name="Input Text" library="SeleniumLibrary">
<arg>id=txtUsername</arg>
<arg>Admin</arg>
<doc>Types the given ``text`` into the text field identified by ``locator``.</doc>
<msg timestamp="20220301 16:57:13.196" level="INFO">Typing text 'Admin' into text field 'id=txtUsername'.</msg>
<status status="PASS" starttime="20220301 16:57:13.196" endtime="20220301 16:57:13.271"/>
</kw>
<kw name="Input Password" library="SeleniumLibrary">
<arg>id=txtPassword</arg>
<arg>admin123</arg>
<doc>Types the given password into the text field identified by ``locator``.</doc>
<msg timestamp="20220301 16:57:13.271" level="INFO">Typing password into text field 'id=txtPassword'.</msg>
<msg timestamp="20220301 16:57:13.312" level="INFO">Temporally setting log level to: NONE</msg>
<msg timestamp="20220301 16:57:13.357" level="INFO">Log level changed from NONE to INFO.</msg>
<status status="PASS" starttime="20220301 16:57:13.271" endtime="20220301 16:57:13.357"/>
</kw>
<kw name="Click Element" library="SeleniumLibrary">
<arg>name=Submit</arg>
<doc>Click the element identified by ``locator``.</doc>
<msg timestamp="20220301 16:57:13.358" level="INFO">Clicking element 'name=Submit'.</msg>
<status status="PASS" starttime="20220301 16:57:13.357" endtime="20220301 16:57:17.430"/>
</kw>
<kw name="Mouse Over" library="SeleniumLibrary">
<arg>link=PIM</arg>
<doc>Simulates hovering the mouse over the element ``locator``.</doc>
<msg timestamp="20220301 16:57:17.431" level="INFO">Simulating Mouse Over on element 'link=PIM'.</msg>
<status status="PASS" starttime="20220301 16:57:17.431" endtime="20220301 16:57:17.739"/>
</kw>
<kw name="Click Element" library="SeleniumLibrary">
<arg>link=Add Employee</arg>
<doc>Click the element identified by ``locator``.</doc>
<msg timestamp="20220301 16:57:17.740" level="INFO">Clicking element 'link=Add Employee'.</msg>
<status status="PASS" starttime="20220301 16:57:17.740" endtime="20220301 16:57:18.772"/>
</kw>
<kw name="Input Text" library="SeleniumLibrary">
<arg>id=firstName</arg>
<arg>john</arg>
<doc>Types the given ``text`` into the text field identified by ``locator``.</doc>
<msg timestamp="20220301 16:57:18.775" level="INFO">Typing text 'john' into text field 'id=firstName'.</msg>
<status status="PASS" starttime="20220301 16:57:18.774" endtime="20220301 16:57:18.856"/>
</kw>
<kw name="Input Text" library="SeleniumLibrary">
<arg>id=middleName</arg>
<arg>ray</arg>
<doc>Types the given ``text`` into the text field identified by ``locator``.</doc>
<msg timestamp="20220301 16:57:18.857" level="INFO">Typing text 'ray' into text field 'id=middleName'.</msg>
<status status="PASS" starttime="20220301 16:57:18.856" endtime="20220301 16:57:18.931"/>
</kw>
<kw name="Input Text" library="SeleniumLibrary">
<arg>id=lastName</arg>
<arg>smith</arg>
<doc>Types the given ``text`` into the text field identified by ``locator``.</doc>
<msg timestamp="20220301 16:57:18.932" level="INFO">Typing text 'smith' into text field 'id=lastName'.</msg>
<status status="PASS" starttime="20220301 16:57:18.932" endtime="20220301 16:57:19.012"/>
</kw>
<kw name="Input Text" library="SeleniumLibrary">
<arg>id=employeeId</arg>
<arg>101</arg>
<doc>Types the given ``text`` into the text field identified by ``locator``.</doc>
<msg timestamp="20220301 16:57:19.013" level="INFO">Typing text '101' into text field 'id=employeeId'.</msg>
<status status="PASS" starttime="20220301 16:57:19.012" endtime="20220301 16:57:19.087"/>
</kw>
<kw name="Choose File" library="SeleniumLibrary">
<arg>id=photofile</arg>
<arg>file_path=${EXECDIR}${/}files${/}Photo_e101.png</arg>
<doc>Inputs the ``file_path`` into the file input field ``locator``.</doc>
<msg timestamp="20220301 16:57:19.088" level="INFO">Sending C:\Mine\Company\NCS2\orangehrm_automation\files\Photo_e101.png to browser.</msg>
<status status="PASS" starttime="20220301 16:57:19.088" endtime="20220301 16:57:19.120"/>
</kw>
<kw name="Select Checkbox" library="SeleniumLibrary">
<arg>id=chkLogin</arg>
<doc>Selects the checkbox identified by ``locator``.</doc>
<msg timestamp="20220301 16:57:19.121" level="INFO">Selecting checkbox 'id=chkLogin'.</msg>
<status status="PASS" starttime="20220301 16:57:19.120" endtime="20220301 16:57:19.191"/>
</kw>
<kw name="Input Text" library="SeleniumLibrary">
<arg>id=user_name</arg>
<arg>useremp</arg>
<doc>Types the given ``text`` into the text field identified by ``locator``.</doc>
<msg timestamp="20220301 16:57:19.191" level="INFO">Typing text 'useremp' into text field 'id=user_name'.</msg>
<status status="PASS" starttime="20220301 16:57:19.191" endtime="20220301 16:57:19.276"/>
</kw>
<kw name="Input Text" library="SeleniumLibrary">
<arg>id=user_password</arg>
<arg>userpass</arg>
<doc>Types the given ``text`` into the text field identified by ``locator``.</doc>
<msg timestamp="20220301 16:57:19.277" level="INFO">Typing text 'userpass' into text field 'id=user_password'.</msg>
<status status="PASS" starttime="20220301 16:57:19.276" endtime="20220301 16:57:19.360"/>
</kw>
<kw name="Input Text" library="SeleniumLibrary">
<arg>id=re_password</arg>
<arg>userpass</arg>
<doc>Types the given ``text`` into the text field identified by ``locator``.</doc>
<msg timestamp="20220301 16:57:19.361" level="INFO">Typing text 'userpass' into text field 'id=re_password'.</msg>
<status status="PASS" starttime="20220301 16:57:19.361" endtime="20220301 16:57:19.439"/>
</kw>
<kw name="Select From List By Value" library="SeleniumLibrary">
<arg>id=status</arg>
<arg>Enabled</arg>
<doc>Selects options from selection list ``locator`` by ``values``.</doc>
<msg timestamp="20220301 16:57:19.439" level="INFO">Selecting options from selection list 'id=status' by value Enabled.</msg>
<status status="PASS" starttime="20220301 16:57:19.439" endtime="20220301 16:57:19.479"/>
</kw>
<kw name="Click Element" library="SeleniumLibrary">
<arg>id=btnSave</arg>
<doc>Click the element identified by ``locator``.</doc>
<msg timestamp="20220301 16:57:19.480" level="INFO">Clicking element 'id=btnSave'.</msg>
<status status="PASS" starttime="20220301 16:57:19.479" endtime="20220301 16:57:19.532"/>
</kw>
<kw name="Element Text Should Be" library="SeleniumLibrary">
<arg>xpath=\\h1[contains(text()='Personal Details')]</arg>
<arg>Personal Details</arg>
<doc>Verifies that element ``locator`` contains exact the text ``expected``.</doc>
<msg timestamp="20220301 16:57:19.533" level="INFO">Verifying element 'xpath=\h1[contains(text()='Personal Details')]' contains exact text 'Personal Details'.</msg>
<msg timestamp="20220301 16:57:19.809" level="INFO" html="true">&lt;/td&gt;&lt;/tr&gt;&lt;tr&gt;&lt;td colspan="3"&gt;&lt;a href="screenshots/selenium-screenshot-26.png"&gt;&lt;img src="screenshots/selenium-screenshot-26.png" width="800px"&gt;&lt;/a&gt;</msg>
<msg timestamp="20220301 16:57:19.813" level="FAIL">InvalidSelectorException: Message: invalid selector: Unable to locate an element with the xpath expression \h1[contains(text()='Personal Details')] because of the following error:
SyntaxError: Failed to execute 'evaluate' on 'Document': The string '\h1[contains(text()='Personal Details')]' is not a valid XPath expression.
  (Session info: MicrosoftEdge=98.0.1108.62)
Stacktrace:
Backtrace:
	Microsoft::Applications::Events::EventProperties::unpack [0x00007FF685FC3382+22610]
	Microsoft::Applications::Events::time_ticks_t::time_ticks_t [0x00007FF685F01C52+503778]
	Ordinal0 [0x00007FF685A00FA5+659365]
	Ordinal0 [0x00007FF685A04398+672664]
	Ordinal0 [0x00007FF685A0413F+672063]
	Ordinal0 [0x00007FF685A044D0+672976]
	Ordinal0 [0x00007FF685A3BADC+899804]
	Ordinal0 [0x00007FF685A3C028+901160]
	Ordinal0 [0x00007FF685A6DBF7+1104887]
	Ordinal0 [0x00007FF685A5701F+1011743]
	Ordinal0 [0x00007FF685A6B2C4+1094340]
	Ordinal0 [0x00007FF685A56DF3+1011187]
	Ordinal0 [0x00007FF685A2DE97+843415]
	Ordinal0 [0x00007FF685A2F368+848744]
	Microsoft::Applications::Events::EventProperty::to_string [0x00007FF685BC8BC8+848072]
	Microsoft::Applications::Events::EventProperty::EventProperty [0x00007FF685CBAB9D+39117]
	Microsoft::Applications::Events::EventProperty::EventProperty [0x00007FF685CBDE12+52034]
	Microsoft::Applications::Events::EventProperty::to_string [0x00007FF685B00906+28166]
	Microsoft::Applications::Events::time_ticks_t::time_ticks_t [0x00007FF685F088E1+531569]
	Microsoft::Applications::Events::time_ticks_t::time_ticks_t [0x00007FF685F0DDC4+553300]
	Microsoft::Applications::Events::time_ticks_t::time_ticks_t [0x00007FF685F0DF55+553701]
	Microsoft::Applications::Events::EventProperty::to_string [0x00007FF685BD6650+904016]
	BaseThreadInitThunk [0x00007FFB3FBC7034+20]
	RtlUserThreadStart [0x00007FFB40262651+33]
</msg>
<status status="FAIL" starttime="20220301 16:57:19.533" endtime="20220301 16:57:19.813"/>
</kw>
<kw name="Element Text Should Be" library="SeleniumLibrary">
<arg>id=personal_txtEmpFirstName</arg>
<arg>john</arg>
<doc>Verifies that element ``locator`` contains exact the text ``expected``.</doc>
<status status="NOT RUN" starttime="20220301 16:57:19.814" endtime="20220301 16:57:19.814"/>
</kw>
<kw name="Element Text Should Be" library="SeleniumLibrary">
<arg>id=personal_txtEmployeeId</arg>
<arg>101</arg>
<doc>Verifies that element ``locator`` contains exact the text ``expected``.</doc>
<status status="NOT RUN" starttime="20220301 16:57:19.814" endtime="20220301 16:57:19.814"/>
</kw>
<kw name="End Browser" library="common_functionality" type="TEARDOWN">
<kw name="Capture Page Screenshot" library="SeleniumLibrary">
<doc>Takes a screenshot of the current page and embeds it into a log file.</doc>
<msg timestamp="20220301 16:57:20.078" level="INFO" html="true">&lt;/td&gt;&lt;/tr&gt;&lt;tr&gt;&lt;td colspan="3"&gt;&lt;a href="screenshots/selenium-screenshot-27.png"&gt;&lt;img src="screenshots/selenium-screenshot-27.png" width="800px"&gt;&lt;/a&gt;</msg>
<status status="PASS" starttime="20220301 16:57:19.815" endtime="20220301 16:57:20.078"/>
</kw>
<kw name="Close Browser" library="SeleniumLibrary">
<doc>Closes the current browser.</doc>
<status status="PASS" starttime="20220301 16:57:20.078" endtime="20220301 16:57:22.188"/>
</kw>
<status status="PASS" starttime="20220301 16:57:19.815" endtime="20220301 16:57:22.188"/>
</kw>
<status status="FAIL" starttime="20220301 16:57:06.354" endtime="20220301 16:57:22.188">InvalidSelectorException: Message: invalid selector: Unable to locate an element with the xpath expression \h1[contains(text()='Personal Details')] because of the following error:
SyntaxError: Failed to execute 'evaluate' on 'Document': The string '\h1[contains(text()='Personal Details')]' is not a valid XPath expression.
  (Session info: MicrosoftEdge=98.0.1108.62)
Stacktrace:
Backtrace:
	Microsoft::Applications::Events::EventProperties::unpack [0x00007FF685FC3382+22610]
	Microsoft::Applications::Events::time_ticks_t::time_ticks_t [0x00007FF685F01C52+503778]
	Ordinal0 [0x00007FF685A00FA5+659365]
	Ordinal0 [0x00007FF685A04398+672664]
	Ordinal0 [0x00007FF685A0413F+672063]
	Ordinal0 [0x00007FF685A044D0+672976]
	Ordinal0 [0x00007FF685A3BADC+899804]
	Ordinal0 [0x00007FF685A3C028+901160]
	Ordinal0 [0x00007FF685A6DBF7+1104887]
	Ordinal0 [0x00007FF685A5701F+1011743]
    [ Message content over the limit has been removed. ]
	Ordinal0 [0x00007FF685A2DE97+843415]
	Ordinal0 [0x00007FF685A2F368+848744]
	Microsoft::Applications::Events::EventProperty::to_string [0x00007FF685BC8BC8+848072]
	Microsoft::Applications::Events::EventProperty::EventProperty [0x00007FF685CBAB9D+39117]
	Microsoft::Applications::Events::EventProperty::EventProperty [0x00007FF685CBDE12+52034]
	Microsoft::Applications::Events::EventProperty::to_string [0x00007FF685B00906+28166]
	Microsoft::Applications::Events::time_ticks_t::time_ticks_t [0x00007FF685F088E1+531569]
	Microsoft::Applications::Events::time_ticks_t::time_ticks_t [0x00007FF685F0DDC4+553300]
	Microsoft::Applications::Events::time_ticks_t::time_ticks_t [0x00007FF685F0DF55+553701]
	Microsoft::Applications::Events::EventProperty::to_string [0x00007FF685BD6650+904016]
	BaseThreadInitThunk [0x00007FFB3FBC7034+20]
	RtlUserThreadStart [0x00007FFB40262651+33]</status>
</test>
<doc>To verify the valid record of add employee by providing credentials with enabled mode
test case TC_OH_16, SC_OH_09,</doc>
<status status="FAIL" starttime="20220301 16:57:06.068" endtime="20220301 16:57:22.191"/>
</suite>
<statistics>
<total>
<stat pass="0" fail="1" skip="0">All Tests</stat>
</total>
<tag>
</tag>
<suite>
<stat pass="0" fail="1" skip="0" id="s1" name="verify addemployee enabledmode Suite">verify addemployee enabledmode Suite</stat>
</suite>
</statistics>
<errors>
</errors>
</robot>
